# JRE version: OpenJDK Runtime Environment (17.0.10) (build 17.0.10+0--11572160)
# Java VM: OpenJDK 64-Bit Server VM (17.0.10+0--11572160, mixed mode, tiered, compressed oops, compressed class ptrs, g1 gc, windows-amd64)
GC Precious Log:
 CPUs: 8 total, 8 available
 Memory: 8105M
 Large Page Support: Disabled
 NUMA Support: Disabled
 Compressed Oops: Enabled (32-bit)
 Heap Region Size: 1M
 Heap Min Capacity: 8M
 Heap Initial Capacity: 128M
 Heap Max Capacity: 2G
 Pre-touch: Disabled
 Parallel Workers: 8
 Concurrent Workers: 2
 Concurrent Refinement Workers: 8
 Periodic GC: Disabled
Heap:
 garbage-first heap   total 182272K, used 145634K [0x0000000080000000, 0x0000000100000000)
  region size 1024K, 42 young (43008K), 8 survivors (8192K)
 Metaspace       used 108005K, committed 108800K, reserved 1179648K
  class space    used 14971K, committed 15360K, reserved 1048576K
GC Heap History (20 events):
Event: 24.705 GC heap before
{Heap before GC invocations=34 (full 0):
 garbage-first heap   total 151552K, used 121537K [0x0000000080000000, 0x0000000100000000)
  region size 1024K, 43 young (44032K), 5 survivors (5120K)
 Metaspace       used 84555K, committed 85120K, reserved 1179648K
  class space    used 11508K, committed 11776K, reserved 1048576K
}
Event: 24.711 GC heap after
{Heap after GC invocations=35 (full 0):
 garbage-first heap   total 151552K, used 84818K [0x0000000080000000, 0x0000000100000000)
  region size 1024K, 5 young (5120K), 5 survivors (5120K)
 Metaspace       used 84555K, committed 85120K, reserved 1179648K
  class space    used 11508K, committed 11776K, reserved 1048576K
}
Event: 25.243 GC heap before
{Heap before GC invocations=35 (full 0):
 garbage-first heap   total 151552K, used 121682K [0x0000000080000000, 0x0000000100000000)
  region size 1024K, 42 young (43008K), 5 survivors (5120K)
 Metaspace       used 85693K, committed 86400K, reserved 1179648K
  class space    used 11654K, committed 11968K, reserved 1048576K
}
Event: 25.250 GC heap after
{Heap after GC invocations=36 (full 0):
 garbage-first heap   total 151552K, used 88774K [0x0000000080000000, 0x0000000100000000)
  region size 1024K, 6 young (6144K), 6 survivors (6144K)
 Metaspace       used 85693K, committed 86400K, reserved 1179648K
  class space    used 11654K, committed 11968K, reserved 1048576K
}
Event: 25.797 GC heap before
{Heap before GC invocations=36 (full 0):
 garbage-first heap   total 151552K, used 123590K [0x0000000080000000, 0x0000000100000000)
  region size 1024K, 40 young (40960K), 6 survivors (6144K)
 Metaspace       used 87972K, committed 88640K, reserved 1179648K
  class space    used 11975K, committed 12288K, reserved 1048576K
}
Event: 25.804 GC heap after
{Heap after GC invocations=37 (full 0):
 garbage-first heap   total 151552K, used 90285K [0x0000000080000000, 0x0000000100000000)
  region size 1024K, 2 young (2048K), 2 survivors (2048K)
 Metaspace       used 87972K, committed 88640K, reserved 1179648K
  class space    used 11975K, committed 12288K, reserved 1048576K
}
Event: 26.332 GC heap before
{Heap before GC invocations=37 (full 0):
 garbage-first heap   total 151552K, used 125101K [0x0000000080000000, 0x0000000100000000)
  region size 1024K, 36 young (36864K), 2 survivors (2048K)
 Metaspace       used 90390K, committed 91072K, reserved 1179648K
  class space    used 12413K, committed 12736K, reserved 1048576K
}
Event: 26.336 GC heap after
{Heap after GC invocations=38 (full 0):
 garbage-first heap   total 151552K, used 91025K [0x0000000080000000, 0x0000000100000000)
  region size 1024K, 3 young (3072K), 3 survivors (3072K)
 Metaspace       used 90390K, committed 91072K, reserved 1179648K
  class space    used 12413K, committed 12736K, reserved 1048576K
}
Event: 26.909 GC heap before
{Heap before GC invocations=38 (full 0):
 garbage-first heap   total 151552K, used 125841K [0x0000000080000000, 0x0000000100000000)
  region size 1024K, 37 young (37888K), 3 survivors (3072K)
 Metaspace       used 92904K, committed 93632K, reserved 1179648K
  class space    used 12849K, committed 13184K, reserved 1048576K
}
Event: 26.913 GC heap after
{Heap after GC invocations=39 (full 0):
 garbage-first heap   total 151552K, used 92353K [0x0000000080000000, 0x0000000100000000)
  region size 1024K, 4 young (4096K), 4 survivors (4096K)
 Metaspace       used 92904K, committed 93632K, reserved 1179648K
  class space    used 12849K, committed 13184K, reserved 1048576K
}
Event: 27.382 GC heap before
{Heap before GC invocations=39 (full 0):
 garbage-first heap   total 151552K, used 127169K [0x0000000080000000, 0x0000000100000000)
  region size 1024K, 38 young (38912K), 4 survivors (4096K)
 Metaspace       used 95121K, committed 95808K, reserved 1179648K
  class space    used 13194K, committed 13504K, reserved 1048576K
}
Event: 27.387 GC heap after
{Heap after GC invocations=40 (full 0):
 garbage-first heap   total 151552K, used 94010K [0x0000000080000000, 0x0000000100000000)
  region size 1024K, 5 young (5120K), 5 survivors (5120K)
 Metaspace       used 95121K, committed 95808K, reserved 1179648K
  class space    used 13194K, committed 13504K, reserved 1048576K
}
Event: 27.961 GC heap before
{Heap before GC invocations=40 (full 0):
 garbage-first heap   total 151552K, used 127802K [0x0000000080000000, 0x0000000100000000)
  region size 1024K, 38 young (38912K), 5 survivors (5120K)
 Metaspace       used 97592K, committed 98304K, reserved 1179648K
  class space    used 13546K, committed 13888K, reserved 1048576K
}
Event: 27.968 GC heap after
{Heap after GC invocations=41 (full 0):
 garbage-first heap   total 151552K, used 96352K [0x0000000080000000, 0x0000000100000000)
  region size 1024K, 4 young (4096K), 4 survivors (4096K)
 Metaspace       used 97592K, committed 98304K, reserved 1179648K
  class space    used 13546K, committed 13888K, reserved 1048576K
}
Event: 28.510 GC heap before
{Heap before GC invocations=41 (full 0):
 garbage-first heap   total 151552K, used 128096K [0x0000000080000000, 0x0000000100000000)
  region size 1024K, 35 young (35840K), 4 survivors (4096K)
 Metaspace       used 100089K, committed 100864K, reserved 1179648K
  class space    used 13960K, committed 14336K, reserved 1048576K
}
Event: 28.519 GC heap after
{Heap after GC invocations=42 (full 0):
 garbage-first heap   total 182272K, used 97483K [0x0000000080000000, 0x0000000100000000)
  region size 1024K, 4 young (4096K), 4 survivors (4096K)
 Metaspace       used 100089K, committed 100864K, reserved 1179648K
  class space    used 13960K, committed 14336K, reserved 1048576K
}
Event: 29.559 GC heap before
{Heap before GC invocations=42 (full 0):
 garbage-first heap   total 182272K, used 152779K [0x0000000080000000, 0x0000000100000000)
  region size 1024K, 59 young (60416K), 4 survivors (4096K)
 Metaspace       used 104538K, committed 105280K, reserved 1179648K
  class space    used 14569K, committed 14912K, reserved 1048576K
}
Event: 29.567 GC heap after
{Heap after GC invocations=43 (full 0):
 garbage-first heap   total 182272K, used 101291K [0x0000000080000000, 0x0000000100000000)
  region size 1024K, 8 young (8192K), 8 survivors (8192K)
 Metaspace       used 104538K, committed 105280K, reserved 1179648K
  class space    used 14569K, committed 14912K, reserved 1048576K
}
Event: 30.073 GC heap before
{Heap before GC invocations=43 (full 0):
 garbage-first heap   total 182272K, used 153515K [0x0000000080000000, 0x0000000100000000)
  region size 1024K, 59 young (60416K), 8 survivors (8192K)
 Metaspace       used 105659K, committed 106432K, reserved 1179648K
  class space    used 14731K, committed 15104K, reserved 1048576K
}
Event: 30.083 GC heap after
{Heap after GC invocations=44 (full 0):
 garbage-first heap   total 182272K, used 105698K [0x0000000080000000, 0x0000000100000000)
  region size 1024K, 8 young (8192K), 8 survivors (8192K)
 Metaspace       used 105659K, committed 106432K, reserved 1179648K
  class space    used 14731K, committed 15104K, reserved 1048576K
}

